CleaningHouse-master/CleaningHouse-master/app/build/intermediates/manifest_merge_blame_file/debug/manifest-merger-blame-debug-report.txt
1<?xml version="1.0" encoding="utf-8"?>
2<manifest xmlns:android="http://schemas.android.com/apk/res/android"
3    package="com.example.researchapp"
4    android:versionCode="1"
5    android:versionName="1.0" >
6
7    <uses-sdk
8        android:minSdkVersion="15"
8-->src/main/AndroidManifest.xml
9        android:targetSdkVersion="29" />
9-->src/main/AndroidManifest.xml
10
11    <supports-screens
11-->src/main/AndroidManifest.xml:5:5-9:40
12        android:largeScreens="true"
12-->src/main/AndroidManifest.xml:6:9-36
13        android:normalScreens="true"
13-->src/main/AndroidManifest.xml:7:9-37
14        android:smallScreens="true"
14-->src/main/AndroidManifest.xml:8:9-36
15        android:xlargeScreens="true" />
15-->src/main/AndroidManifest.xml:9:9-37
16
17    <application
17-->src/main/AndroidManifest.xml:11:5-46:19
18        android:allowBackup="true"
18-->src/main/AndroidManifest.xml:12:9-35
19        android:appComponentFactory="androidx.core.app.CoreComponentFactory"
19-->[androidx.core:core:1.0.1] AndroidManifest.xml:22:18-86
20        android:debuggable="true"
21        android:icon="@mipmap/ic_launcher"
21-->src/main/AndroidManifest.xml:13:9-43
22        android:label="@string/app_name"
22-->src/main/AndroidManifest.xml:14:9-41
23        android:roundIcon="@mipmap/ic_launcher_round"
23-->src/main/AndroidManifest.xml:15:9-54
24        android:supportsRtl="true"
24-->src/main/AndroidManifest.xml:16:9-35
25        android:testOnly="true"
26        android:theme="@style/AppTheme" >
26-->src/main/AndroidManifest.xml:17:9-40
27        <activity android:name="com.example.researchapp.SignUpScreen" />
27-->src/main/AndroidManifest.xml:18:9-59
27-->src/main/AndroidManifest.xml:18:19-47
28        <activity
28-->src/main/AndroidManifest.xml:19:9-22:59
29            android:name="com.example.researchapp.MessageScreen"
29-->src/main/AndroidManifest.xml:20:13-42
30            android:label="@string/title_activity_message_screen"
30-->src/main/AndroidManifest.xml:21:13-66
31            android:theme="@style/AppTheme.NoActionBar" />
31-->src/main/AndroidManifest.xml:22:13-56
32        <activity
32-->src/main/AndroidManifest.xml:23:9-26:59
33            android:name="com.example.researchapp.BillingScreen"
33-->src/main/AndroidManifest.xml:24:13-42
34            android:label="@string/title_activity_billing_screen"
34-->src/main/AndroidManifest.xml:25:13-66
35            android:theme="@style/AppTheme.NoActionBar" />
35-->src/main/AndroidManifest.xml:26:13-56
36        <activity
36-->src/main/AndroidManifest.xml:27:9-30:59
37            android:name="com.example.researchapp.ScheduleScreen"
37-->src/main/AndroidManifest.xml:28:13-43
38            android:label="@string/title_activity_schedule_screen"
38-->src/main/AndroidManifest.xml:29:13-67
39            android:theme="@style/AppTheme.NoActionBar" />
39-->src/main/AndroidManifest.xml:30:13-56
40        <activity
40-->src/main/AndroidManifest.xml:31:9-34:59
41            android:name="com.example.researchapp.PropertiesScreen"
41-->src/main/AndroidManifest.xml:32:13-45
42            android:label="@string/title_activity_properties_screen"
42-->src/main/AndroidManifest.xml:33:13-69
43            android:theme="@style/AppTheme.NoActionBar" />
43-->src/main/AndroidManifest.xml:34:13-56
44        <activity android:name="com.example.researchapp.HomeScreenHost" />
44-->src/main/AndroidManifest.xml:35:9-52
44-->src/main/AndroidManifest.xml:35:19-49
45        <activity android:name="com.example.researchapp.ChooseRole" />
45-->src/main/AndroidManifest.xml:36:9-48
45-->src/main/AndroidManifest.xml:36:19-45
46        <activity android:name="com.example.researchapp.LoginScreen" />
46-->src/main/AndroidManifest.xml:37:9-49
46-->src/main/AndroidManifest.xml:37:19-46
47        <activity android:name="com.example.researchapp.Main2Activity" />
47-->src/main/AndroidManifest.xml:38:9-51
47-->src/main/AndroidManifest.xml:38:19-48
48        <activity android:name="com.example.researchapp.OpeningScreen" >
48-->src/main/AndroidManifest.xml:39:9-45:20
48-->src/main/AndroidManifest.xml:39:19-48
49            <intent-filter>
49-->src/main/AndroidManifest.xml:40:13-44:29
50                <action android:name="android.intent.action.MAIN" />
50-->src/main/AndroidManifest.xml:41:17-69
50-->src/main/AndroidManifest.xml:41:25-66
51
52                <category android:name="android.intent.category.LAUNCHER" />
52-->src/main/AndroidManifest.xml:43:17-77
52-->src/main/AndroidManifest.xml:43:27-74
53            </intent-filter>
54        </activity>
55    </application>
56
57</manifest>